<?xml version="1.0" encoding="UTF-8"?>
<!-- Generated by org.testng.reporters.JUnitReportReporter -->
<testsuite skipped="0" hostname="LAPTOP-26CN5CEH" name="com.test.testng.testngPracticeDemo" tests="5" failures="0" timestamp="13 Jun 2018 10:49:44 GMT" time="11.480" errors="0">
  <testcase name="testmethod5" time="2.088" classname="com.test.testng.testngPracticeDemo"/>
  <testcase name="testmethod2" time="3.081" classname="com.test.testng.testngPracticeDemo"/>
  <testcase name="testmethod3" time="2.015" classname="com.test.testng.testngPracticeDemo"/>
  <testcase name="testmethod4" time="2.168" classname="com.test.testng.testngPracticeDemo"/>
  <testcase name="testmethod1" time="2.128" classname="com.test.testng.testngPracticeDemo"/>
</testsuite> <!-- com.test.testng.testngPracticeDemo -->
