<?xml version="1.0" encoding="UTF-8"?>
<!-- Generated by org.testng.reporters.JUnitReportReporter -->
<testsuite skipped="0" hostname="LAPTOP-26CN5CEH" name="com.test.testng.testngDemo" tests="2" failures="0" timestamp="13 Jun 2018 01:33:37 GMT" time="4.337" errors="0">
  <testcase name="testMethod3" time="2.198" classname="com.test.testng.testngDemo"/>
  <testcase name="testMethod2" time="2.139" classname="com.test.testng.testngDemo"/>
</testsuite> <!-- com.test.testng.testngDemo -->
