<?xml version="1.0" encoding="UTF-8"?>
<!-- Generated by org.testng.reporters.JUnitReportReporter -->
<testsuite skipped="0" hostname="LAPTOP-26CN5CEH" name="com.test.testng.testngDropDown" tests="1" failures="0" timestamp="14 Jun 2018 10:32:48 GMT" time="1.187" errors="0">
  <testcase name="testMethod1" time="1.187" classname="com.test.testng.testngDropDown"/>
</testsuite> <!-- com.test.testng.testngDropDown -->
